<?xml version="1.0" encoding="UTF-8"?>
<testng-results skipped="0" failed="0" total="5" passed="5">
  <reporter-output>
  </reporter-output>
  <suite name="Suite1" duration-ms="305629" started-at="2014-09-24T10:30:13Z" finished-at="2014-09-24T10:35:19Z">
    <groups>
    </groups>
    <test name="Items Matching" duration-ms="35841" started-at="2014-09-24T10:30:13Z" finished-at="2014-09-24T10:30:49Z">
      <class name="AllTests.ItemMatching">
        <test-method status="PASS" signature="beforeMethod()[pri:0, instance:AllTests.ItemMatching@e361ad]" name="beforeMethod" is-config="true" duration-ms="10486" started-at="2014-09-24T16:00:13Z" finished-at="2014-09-24T16:00:24Z">
          <reporter-output>
          </reporter-output>
        </test-method> <!-- beforeMethod -->
        <test-method status="PASS" signature="ItemsMatching()[pri:0, instance:AllTests.ItemMatching@e361ad]" name="ItemsMatching" duration-ms="21751" started-at="2014-09-24T16:00:24Z" finished-at="2014-09-24T16:00:46Z">
          <reporter-output>
          </reporter-output>
        </test-method> <!-- ItemsMatching -->
        <test-method status="PASS" signature="afterMethod()[pri:0, instance:AllTests.ItemMatching@e361ad]" name="afterMethod" is-config="true" duration-ms="3594" started-at="2014-09-24T16:00:46Z" finished-at="2014-09-24T16:00:49Z">
          <reporter-output>
          </reporter-output>
        </test-method> <!-- afterMethod -->
      </class> <!-- AllTests.ItemMatching -->
    </test> <!-- Items Matching -->
    <test name="Rules and Policies" duration-ms="123040" started-at="2014-09-24T10:30:49Z" finished-at="2014-09-24T10:32:52Z">
      <class name="AllTests.RulesAndPolicies">
        <test-method status="PASS" signature="beforeMethod()[pri:0, instance:AllTests.RulesAndPolicies@e44dd3]" name="beforeMethod" is-config="true" duration-ms="9360" started-at="2014-09-24T16:00:49Z" finished-at="2014-09-24T16:00:59Z">
          <reporter-output>
          </reporter-output>
        </test-method> <!-- beforeMethod -->
        <test-method status="PASS" signature="RulesAndPoliciess()[pri:0, instance:AllTests.RulesAndPolicies@e44dd3]" name="RulesAndPoliciess" duration-ms="109412" started-at="2014-09-24T16:00:59Z" finished-at="2014-09-24T16:02:48Z">
          <reporter-output>
          </reporter-output>
        </test-method> <!-- RulesAndPoliciess -->
        <test-method status="PASS" signature="afterMethod()[pri:0, instance:AllTests.RulesAndPolicies@e44dd3]" name="afterMethod" is-config="true" duration-ms="4267" started-at="2014-09-24T16:02:48Z" finished-at="2014-09-24T16:02:52Z">
          <reporter-output>
          </reporter-output>
        </test-method> <!-- afterMethod -->
      </class> <!-- AllTests.RulesAndPolicies -->
    </test> <!-- Rules and Policies -->
    <test name="SideScroll" duration-ms="34807" started-at="2014-09-24T10:32:52Z" finished-at="2014-09-24T10:33:27Z">
      <class name="AllTests.SideScroll">
        <test-method status="PASS" signature="beforeMethod()[pri:0, instance:AllTests.SideScroll@1e74fe9]" name="beforeMethod" is-config="true" duration-ms="9584" started-at="2014-09-24T16:02:52Z" finished-at="2014-09-24T16:03:02Z">
          <reporter-output>
          </reporter-output>
        </test-method> <!-- beforeMethod -->
        <test-method status="PASS" signature="Sideescroll()[pri:0, instance:AllTests.SideScroll@1e74fe9]" name="Sideescroll" duration-ms="21905" started-at="2014-09-24T16:03:02Z" finished-at="2014-09-24T16:03:24Z">
          <reporter-output>
          </reporter-output>
        </test-method> <!-- Sideescroll -->
        <test-method status="PASS" signature="afterMethod()[pri:0, instance:AllTests.SideScroll@1e74fe9]" name="afterMethod" is-config="true" duration-ms="3317" started-at="2014-09-24T16:03:24Z" finished-at="2014-09-24T16:03:27Z">
          <reporter-output>
          </reporter-output>
        </test-method> <!-- afterMethod -->
      </class> <!-- AllTests.SideScroll -->
    </test> <!-- SideScroll -->
    <test name="Watchings" duration-ms="50913" started-at="2014-09-24T10:33:27Z" finished-at="2014-09-24T10:34:18Z">
      <class name="AllTests.Watchings">
        <test-method status="PASS" signature="beforeMethod()[pri:0, instance:AllTests.Watchings@1dd1c39]" name="beforeMethod" is-config="true" duration-ms="14636" started-at="2014-09-24T16:03:27Z" finished-at="2014-09-24T16:03:42Z">
          <reporter-output>
          </reporter-output>
        </test-method> <!-- beforeMethod -->
        <test-method status="PASS" signature="f()[pri:0, instance:AllTests.Watchings@1dd1c39]" name="f" duration-ms="33036" started-at="2014-09-24T16:03:42Z" finished-at="2014-09-24T16:04:15Z">
          <reporter-output>
          </reporter-output>
        </test-method> <!-- f -->
        <test-method status="PASS" signature="afterMethod()[pri:0, instance:AllTests.Watchings@1dd1c39]" name="afterMethod" is-config="true" duration-ms="3240" started-at="2014-09-24T16:04:15Z" finished-at="2014-09-24T16:04:18Z">
          <reporter-output>
          </reporter-output>
        </test-method> <!-- afterMethod -->
      </class> <!-- AllTests.Watchings -->
    </test> <!-- Watchings -->
    <test name="Watching List" duration-ms="60846" started-at="2014-09-24T10:34:18Z" finished-at="2014-09-24T10:35:19Z">
      <class name="AllTests.WatchList">
        <test-method status="PASS" signature="initialize()[pri:0, instance:AllTests.WatchList@ccadbd]" name="initialize" is-config="true" duration-ms="10" started-at="2014-09-24T16:00:13Z" finished-at="2014-09-24T16:00:13Z">
          <reporter-output>
          </reporter-output>
        </test-method> <!-- initialize -->
        <test-method status="PASS" signature="beforeMethod()[pri:0, instance:AllTests.WatchList@ccadbd]" name="beforeMethod" is-config="true" duration-ms="9223" started-at="2014-09-24T16:04:18Z" finished-at="2014-09-24T16:04:27Z">
          <reporter-output>
          </reporter-output>
        </test-method> <!-- beforeMethod -->
        <test-method status="PASS" signature="f()[pri:0, instance:AllTests.WatchList@ccadbd]" name="f" duration-ms="48312" started-at="2014-09-24T16:04:27Z" finished-at="2014-09-24T16:05:16Z">
          <reporter-output>
          </reporter-output>
        </test-method> <!-- f -->
        <test-method status="PASS" signature="afterMethod()[pri:0, instance:AllTests.WatchList@ccadbd]" name="afterMethod" is-config="true" duration-ms="3310" started-at="2014-09-24T16:05:16Z" finished-at="2014-09-24T16:05:19Z">
          <reporter-output>
          </reporter-output>
        </test-method> <!-- afterMethod -->
      </class> <!-- AllTests.WatchList -->
    </test> <!-- Watching List -->
  </suite> <!-- Suite1 -->
</testng-results>
